\BOOKMARK [0][-]{chapter*.1}{\376\377\000L\000i\000s\000t\000\040\000o\000f\000\040\000F\000i\000g\000u\000r\000e\000s}{}% 1
\BOOKMARK [0][-]{chapter*.2}{\376\377\000L\000i\000s\000t\000\040\000o\000f\000\040\000T\000a\000b\000l\000e\000s}{}% 2
\BOOKMARK [0][-]{chapter*.3}{\376\377\000I\000n\000t\000r\000o\000d\000u\000c\000t\000i\000o\000n}{}% 3
\BOOKMARK [0][-]{chapter.1}{\376\377\000U\000s\000i\000n\000g\000\040\000p\000-\000v\000a\000l\000u\000e\000s\000\040\000t\000o\000\040\000t\000e\000s\000t\000\040\000a\000\040\000h\000y\000p\000o\000t\000h\000e\000s\000i\000s}{}% 4
\BOOKMARK [1][-]{section.1.1}{\376\377\000P\000h\000i\000l\000o\000s\000o\000p\000h\000i\000c\000a\000l\000\040\000a\000p\000p\000r\000o\000a\000c\000h\000e\000s\000\040\000t\000o\000\040\000p\000-\000v\000a\000l\000u\000e\000s}{chapter.1}% 5
\BOOKMARK [1][-]{section.1.2}{\376\377\000C\000r\000e\000a\000t\000i\000n\000g\000\040\000a\000\040\000n\000u\000l\000l\000\040\000m\000o\000d\000e\000l}{chapter.1}% 6
\BOOKMARK [1][-]{section.1.3}{\376\377\000C\000a\000l\000c\000u\000l\000a\000t\000i\000n\000g\000\040\000a\000\040\000p\000-\000v\000a\000l\000u\000e}{chapter.1}% 7
\BOOKMARK [1][-]{section.1.4}{\376\377\000W\000h\000i\000c\000h\000\040\000p\000-\000v\000a\000l\000u\000e\000s\000\040\000c\000a\000n\000\040\000y\000o\000u\000\040\000e\000x\000p\000e\000c\000t\000?}{chapter.1}% 8
\BOOKMARK [1][-]{section.1.5}{\376\377\000L\000i\000n\000d\000l\000e\000y\000'\000s\000\040\000p\000a\000r\000a\000d\000o\000x}{chapter.1}% 9
\BOOKMARK [1][-]{section.1.6}{\376\377\000C\000o\000r\000r\000e\000c\000t\000l\000y\000\040\000r\000e\000p\000o\000r\000t\000i\000n\000g\000\040\000a\000n\000d\000\040\000i\000n\000t\000e\000r\000p\000r\000e\000t\000i\000n\000g\000\040\000p\000-\000v\000a\000l\000u\000e\000s}{chapter.1}% 10
\BOOKMARK [1][-]{section.1.7}{\376\377\000P\000r\000e\000v\000e\000n\000t\000i\000n\000g\000\040\000c\000o\000m\000m\000o\000n\000\040\000m\000i\000s\000c\000o\000n\000c\000e\000p\000t\000i\000o\000n\000s\000\040\000a\000b\000o\000u\000t\000\040\000p\000-\000v\000a\000l\000u\000e\000s}{chapter.1}% 11
\BOOKMARK [1][-]{section.1.8}{\376\377\000T\000e\000s\000t\000\040\000Y\000o\000u\000r\000s\000e\000l\000f}{chapter.1}% 12
\BOOKMARK [0][-]{chapter.2}{\376\377\000E\000r\000r\000o\000r\000\040\000c\000o\000n\000t\000r\000o\000l}{}% 13
\BOOKMARK [1][-]{section.2.1}{\376\377\000W\000h\000i\000c\000h\000\040\000o\000u\000t\000c\000o\000m\000e\000\040\000c\000a\000n\000\040\000y\000o\000u\000\040\000e\000x\000p\000e\000c\000t\000\040\000i\000f\000\040\000y\000o\000u\000\040\000p\000e\000r\000f\000o\000r\000m\000\040\000a\000\040\000s\000t\000u\000d\000y\000?}{chapter.2}% 14
\BOOKMARK [1][-]{section.2.2}{\376\377\000P\000o\000s\000i\000t\000i\000v\000e\000\040\000p\000r\000e\000d\000i\000c\000t\000i\000v\000e\000\040\000v\000a\000l\000u\000e}{chapter.2}% 15
\BOOKMARK [1][-]{section.2.3}{\376\377\000T\000y\000p\000e\000\040\0001\000\040\000e\000r\000r\000o\000r\000\040\000i\000n\000f\000l\000a\000t\000i\000o\000n}{chapter.2}% 16
\BOOKMARK [1][-]{section.2.4}{\376\377\000O\000p\000t\000i\000o\000n\000a\000l\000\040\000s\000t\000o\000p\000p\000i\000n\000g}{chapter.2}% 17
\BOOKMARK [1][-]{section.2.5}{\376\377\000J\000u\000s\000t\000i\000f\000y\000i\000n\000g\000\040\000E\000r\000r\000o\000r\000\040\000R\000a\000t\000e\000s}{chapter.2}% 18
\BOOKMARK [1][-]{section.2.6}{\376\377\000W\000h\000y\000\040\000y\000o\000u\000\040\000d\000o\000n\000'\000t\000\040\000n\000e\000e\000d\000\040\000t\000o\000\040\000a\000d\000j\000u\000s\000t\000\040\000y\000o\000u\000r\000\040\000a\000l\000p\000h\000a\000\040\000l\000e\000v\000e\000l\000\040\000f\000o\000r\000\040\000a\000l\000l\000\040\000t\000e\000s\000t\000s\000\040\000y\000o\000u\000'\000l\000l\000\040\000d\000o\000\040\000i\000n\000\040\000y\000o\000u\000r\000\040\000l\000i\000f\000e\000t\000i\000m\000e\000.}{chapter.2}% 19
\BOOKMARK [1][-]{section.2.7}{\376\377\000P\000o\000w\000e\000r\000\040\000A\000n\000a\000l\000y\000s\000i\000s}{chapter.2}% 20
\BOOKMARK [1][-]{section.2.8}{\376\377\000T\000e\000s\000t\000\040\000Y\000o\000u\000r\000s\000e\000l\000f}{chapter.2}% 21
\BOOKMARK [0][-]{chapter.3}{\376\377\000L\000i\000k\000e\000l\000i\000h\000o\000o\000d\000s}{}% 22
\BOOKMARK [1][-]{section.3.1}{\376\377\000L\000i\000k\000e\000l\000i\000h\000o\000o\000d\000\040\000r\000a\000t\000i\000o\000s}{chapter.3}% 23
\BOOKMARK [1][-]{section.3.2}{\376\377\000L\000i\000k\000e\000l\000i\000h\000o\000o\000d\000\040\000o\000f\000\040\000m\000i\000x\000e\000d\000\040\000r\000e\000s\000u\000l\000t\000s\000\040\000i\000n\000\040\000s\000e\000t\000s\000\040\000o\000f\000\040\000s\000t\000u\000d\000i\000e\000s}{chapter.3}% 24
\BOOKMARK [1][-]{section.3.3}{\376\377\000L\000i\000k\000e\000l\000i\000h\000o\000o\000d\000s\000\040\000f\000o\000r\000\040\000t\000-\000t\000e\000s\000t\000s}{chapter.3}% 25
\BOOKMARK [1][-]{section.3.4}{\376\377\000T\000e\000s\000t\000\040\000Y\000o\000u\000r\000s\000e\000l\000f}{chapter.3}% 26
\BOOKMARK [0][-]{chapter.4}{\376\377\000B\000a\000y\000e\000s\000i\000a\000n\000\040\000s\000t\000a\000t\000i\000s\000t\000i\000c\000s}{}% 27
\BOOKMARK [1][-]{section.4.1}{\376\377\000B\000a\000y\000e\000s\000\040\000f\000a\000c\000t\000o\000r\000s}{chapter.4}% 28
\BOOKMARK [1][-]{section.4.2}{\376\377\000U\000p\000d\000a\000t\000i\000n\000g\000\040\000o\000u\000r\000\040\000b\000e\000l\000i\000e\000f}{chapter.4}% 29
\BOOKMARK [1][-]{section.4.3}{\376\377\000B\000a\000y\000e\000s\000i\000a\000n\000\040\000E\000s\000t\000i\000m\000a\000t\000i\000o\000n}{chapter.4}% 30
\BOOKMARK [1][-]{section.4.4}{\376\377\000T\000e\000s\000t\000\040\000Y\000o\000u\000r\000s\000e\000l\000f}{chapter.4}% 31
\BOOKMARK [0][-]{chapter.5}{\376\377\000A\000s\000k\000i\000n\000g\000\040\000S\000t\000a\000t\000i\000s\000t\000i\000c\000a\000l\000\040\000Q\000u\000e\000s\000t\000i\000o\000n\000s}{}% 32
\BOOKMARK [1][-]{section.5.1}{\376\377\000D\000e\000s\000c\000r\000i\000p\000t\000i\000o\000n}{chapter.5}% 33
\BOOKMARK [1][-]{section.5.2}{\376\377\000P\000r\000e\000d\000i\000c\000t\000i\000o\000n}{chapter.5}% 34
\BOOKMARK [1][-]{section.5.3}{\376\377\000E\000x\000p\000l\000a\000n\000a\000t\000i\000o\000n}{chapter.5}% 35
\BOOKMARK [1][-]{section.5.4}{\376\377\000L\000o\000o\000s\000e\000n\000i\000n\000g\000\040\000a\000n\000d\000\040\000T\000i\000g\000h\000t\000e\000n\000i\000n\000g}{chapter.5}% 36
\BOOKMARK [1][-]{section.5.5}{\376\377\000T\000h\000r\000e\000e\000\040\000s\000t\000a\000t\000i\000s\000t\000i\000c\000a\000l\000\040\000p\000h\000i\000l\000o\000s\000o\000p\000h\000i\000e\000s}{chapter.5}% 37
\BOOKMARK [1][-]{section.5.6}{\376\377\000D\000o\000\040\000Y\000o\000u\000\040\000R\000e\000a\000l\000l\000y\000\040\000W\000a\000n\000t\000\040\000t\000o\000\040\000T\000e\000s\000t\000\040\000a\000\040\000H\000y\000p\000o\000t\000h\000e\000s\000i\000s\000?}{chapter.5}% 38
\BOOKMARK [1][-]{section.5.7}{\376\377\000D\000i\000r\000e\000c\000t\000i\000o\000n\000a\000l\000\040\000\050\000O\000n\000e\000-\000S\000i\000d\000e\000d\000\051\000\040\000v\000e\000r\000s\000u\000s\000\040\000N\000o\000n\000-\000D\000i\000r\000e\000c\000t\000i\000o\000n\000a\000l\000\040\000\050\000T\000w\000o\000-\000S\000i\000d\000e\000d\000\051\000\040\000T\000e\000s\000t\000s}{chapter.5}% 39
\BOOKMARK [1][-]{section.5.8}{\376\377\000S\000y\000s\000t\000e\000m\000a\000t\000i\000c\000\040\000N\000o\000i\000s\000e\000,\000\040\000o\000r\000\040\000t\000h\000e\000\040\000C\000r\000u\000d\000\040\000F\000a\000c\000t\000o\000r}{chapter.5}% 40
\BOOKMARK [0][-]{chapter.6}{\376\377\000E\000f\000f\000e\000c\000t\000\040\000S\000i\000z\000e\000s}{}% 41
\BOOKMARK [1][-]{section.6.1}{\376\377\000E\000f\000f\000e\000c\000t\000\040\000s\000i\000z\000e\000s}{chapter.6}% 42
\BOOKMARK [1][-]{section.6.2}{\376\377\000T\000h\000e\000\040\000F\000a\000c\000e\000b\000o\000o\000k\000\040\000e\000x\000p\000e\000r\000i\000m\000e\000n\000t}{chapter.6}% 43
\BOOKMARK [1][-]{section.6.3}{\376\377\000T\000h\000e\000\040\000H\000u\000n\000g\000r\000y\000\040\000J\000u\000d\000g\000e\000s\000\040\000s\000t\000u\000d\000y}{chapter.6}% 44
\BOOKMARK [1][-]{section.6.4}{\376\377\000S\000t\000a\000n\000d\000a\000r\000d\000i\000s\000e\000d\000\040\000M\000e\000a\000n\000\040\000D\000i\000f\000f\000e\000r\000e\000n\000c\000e\000s}{chapter.6}% 45
\BOOKMARK [1][-]{section.6.5}{\376\377\000I\000n\000t\000e\000r\000p\000r\000e\000t\000i\000n\000g\000\040\000e\000f\000f\000e\000c\000t\000\040\000s\000i\000z\000e\000s}{chapter.6}% 46
\BOOKMARK [1][-]{section.6.6}{\376\377\000C\000o\000r\000r\000e\000l\000a\000t\000i\000o\000n\000s\000\040\000a\000n\000d\000\040\000V\000a\000r\000i\000a\000n\000c\000e\000\040\000E\000x\000p\000l\000a\000i\000n\000e\000d}{chapter.6}% 47
\BOOKMARK [1][-]{section.6.7}{\376\377\000C\000o\000r\000r\000e\000c\000t\000i\000n\000g\000\040\000f\000o\000r\000\040\000B\000i\000a\000s}{chapter.6}% 48
\BOOKMARK [1][-]{section.6.8}{\376\377\000E\000f\000f\000e\000c\000t\000\040\000S\000i\000z\000e\000s\000\040\000f\000o\000r\000\040\000I\000n\000t\000e\000r\000a\000c\000t\000i\000o\000n\000s}{chapter.6}% 49
\BOOKMARK [1][-]{section.6.9}{\376\377\000T\000e\000s\000t\000\040\000Y\000o\000u\000r\000s\000e\000l\000f}{chapter.6}% 50
\BOOKMARK [0][-]{chapter.7}{\376\377\000C\000o\000n\000f\000i\000d\000e\000n\000c\000e\000\040\000I\000n\000t\000e\000r\000v\000a\000l\000s}{}% 51
\BOOKMARK [1][-]{section.7.1}{\376\377\000P\000o\000p\000u\000l\000a\000t\000i\000o\000n\000\040\000v\000s\000.\000\040\000S\000a\000m\000p\000l\000e}{chapter.7}% 52
\BOOKMARK [1][-]{section.7.2}{\376\377\000W\000h\000a\000t\000\040\000i\000s\000\040\000a\000\040\000C\000o\000n\000f\000i\000d\000e\000n\000c\000e\000\040\000I\000n\000t\000e\000r\000v\000a\000l\000?}{chapter.7}% 53
\BOOKMARK [1][-]{section.7.3}{\376\377\000T\000h\000e\000\040\000r\000e\000l\000a\000t\000i\000o\000n\000\040\000b\000e\000t\000w\000e\000e\000n\000\040\000c\000o\000n\000f\000i\000d\000e\000n\000c\000e\000\040\000i\000n\000t\000e\000r\000v\000a\000l\000s\000\040\000a\000n\000d\000\040\000p\000-\000v\000a\000l\000u\000e\000s}{chapter.7}% 54
\BOOKMARK [1][-]{section.7.4}{\376\377\000T\000h\000e\000\040\000S\000t\000a\000n\000d\000a\000r\000d\000\040\000E\000r\000r\000o\000r\000\040\000a\000n\000d\000\040\0009\0005\000\045\000\040\000C\000o\000n\000f\000i\000d\000e\000n\000c\000e\000\040\000I\000n\000t\000e\000r\000v\000a\000l\000s}{chapter.7}% 55
\BOOKMARK [1][-]{section.7.5}{\376\377\000O\000v\000e\000r\000l\000a\000p\000p\000i\000n\000g\000\040\000C\000o\000n\000f\000i\000d\000e\000n\000c\000e\000\040\000I\000n\000t\000e\000r\000v\000a\000l\000s}{chapter.7}% 56
\BOOKMARK [1][-]{section.7.6}{\376\377\000P\000r\000e\000d\000i\000c\000t\000i\000o\000n\000\040\000I\000n\000t\000e\000r\000v\000a\000l\000s}{chapter.7}% 57
\BOOKMARK [1][-]{section.7.7}{\376\377\000C\000a\000p\000t\000u\000r\000e\000\040\000P\000e\000r\000c\000e\000n\000t\000a\000g\000e\000s}{chapter.7}% 58
\BOOKMARK [1][-]{section.7.8}{\376\377\000C\000a\000l\000c\000u\000l\000a\000t\000i\000n\000g\000\040\000C\000o\000n\000f\000i\000d\000e\000n\000c\000e\000\040\000I\000n\000t\000e\000r\000v\000a\000l\000s\000\040\000a\000r\000o\000u\000n\000d\000\040\000S\000t\000a\000n\000d\000a\000r\000d\000\040\000D\000e\000v\000i\000a\000t\000i\000o\000n\000s\000.}{chapter.7}% 59
\BOOKMARK [1][-]{section.7.9}{\376\377\000C\000o\000m\000p\000u\000t\000i\000n\000g\000\040\000C\000o\000n\000f\000i\000d\000e\000n\000c\000e\000\040\000I\000n\000t\000e\000r\000v\000a\000l\000s\000\040\000a\000r\000o\000u\000n\000d\000\040\000E\000f\000f\000e\000c\000t\000\040\000S\000i\000z\000e\000s}{chapter.7}% 60
\BOOKMARK [1][-]{section.7.10}{\376\377\000T\000e\000s\000t\000\040\000Y\000o\000u\000r\000s\000e\000l\000f}{chapter.7}% 61
\BOOKMARK [0][-]{chapter.8}{\376\377\000S\000a\000m\000p\000l\000e\000\040\000s\000i\000z\000e\000\040\000j\000u\000s\000t\000i\000f\000i\000c\000a\000t\000i\000o\000n}{}% 62
\BOOKMARK [1][-]{section.8.1}{\376\377\000S\000i\000x\000\040\000A\000p\000p\000r\000o\000a\000c\000h\000e\000s\000\040\000t\000o\000\040\000J\000u\000s\000t\000i\000f\000y\000\040\000S\000a\000m\000p\000l\000e\000\040\000S\000i\000z\000e\000s}{chapter.8}% 63
\BOOKMARK [1][-]{section.8.2}{\376\377\000S\000i\000x\000\040\000W\000a\000y\000s\000\040\000t\000o\000\040\000E\000v\000a\000l\000u\000a\000t\000e\000\040\000W\000h\000i\000c\000h\000\040\000E\000f\000f\000e\000c\000t\000\040\000S\000i\000z\000e\000s\000\040\000a\000r\000e\000\040\000I\000n\000t\000e\000r\000e\000s\000t\000i\000n\000g}{chapter.8}% 64
\BOOKMARK [1][-]{section.8.3}{\376\377\000T\000h\000e\000\040\000V\000a\000l\000u\000e\000\040\000o\000f\000\040\000I\000n\000f\000o\000r\000m\000a\000t\000i\000o\000n}{chapter.8}% 65
\BOOKMARK [1][-]{section.8.4}{\376\377\000M\000e\000a\000s\000u\000r\000i\000n\000g\000\040\000\050\000A\000l\000m\000o\000s\000t\000\051\000\040\000t\000h\000e\000\040\000E\000n\000t\000i\000r\000e\000\040\000P\000o\000p\000u\000l\000a\000t\000i\000o\000n}{chapter.8}% 66
\BOOKMARK [1][-]{section.8.5}{\376\377\000R\000e\000s\000o\000u\000r\000c\000e\000\040\000C\000o\000n\000s\000t\000r\000a\000i\000n\000t\000s}{chapter.8}% 67
\BOOKMARK [1][-]{section.8.6}{\376\377\000A\000-\000p\000r\000i\000o\000r\000i\000\040\000P\000o\000w\000e\000r\000\040\000A\000n\000a\000l\000y\000s\000i\000s}{chapter.8}% 68
\BOOKMARK [1][-]{section.8.7}{\376\377\000P\000l\000a\000n\000n\000i\000n\000g\000\040\000f\000o\000r\000\040\000P\000r\000e\000c\000i\000s\000i\000o\000n}{chapter.8}% 69
\BOOKMARK [1][-]{section.8.8}{\376\377\000H\000e\000u\000r\000i\000s\000t\000i\000c\000s}{chapter.8}% 70
\BOOKMARK [1][-]{section.8.9}{\376\377\000N\000o\000\040\000J\000u\000s\000t\000i\000f\000i\000c\000a\000t\000i\000o\000n}{chapter.8}% 71
\BOOKMARK [1][-]{section.8.10}{\376\377\000W\000h\000a\000t\000\040\000i\000s\000\040\000Y\000o\000u\000r\000\040\000I\000n\000f\000e\000r\000e\000n\000t\000i\000a\000l\000\040\000G\000o\000a\000l\000?}{chapter.8}% 72
\BOOKMARK [1][-]{section.8.11}{\376\377\000W\000h\000a\000t\000\040\000i\000s\000\040\000t\000h\000e\000\040\000S\000m\000a\000l\000l\000e\000s\000t\000\040\000E\000f\000f\000e\000c\000t\000\040\000S\000i\000z\000e\000\040\000o\000f\000\040\000I\000n\000t\000e\000r\000e\000s\000t\000?}{chapter.8}% 73
\BOOKMARK [1][-]{section.8.12}{\376\377\000T\000h\000e\000\040\000M\000i\000n\000i\000m\000a\000l\000\040\000S\000t\000a\000t\000i\000s\000t\000i\000c\000a\000l\000l\000y\000\040\000D\000e\000t\000e\000c\000t\000a\000b\000l\000e\000\040\000E\000f\000f\000e\000c\000t}{chapter.8}% 74
\BOOKMARK [1][-]{section.8.13}{\376\377\000W\000h\000a\000t\000\040\000i\000s\000\040\000t\000h\000e\000\040\000E\000x\000p\000e\000c\000t\000e\000d\000\040\000E\000f\000f\000e\000c\000t\000\040\000S\000i\000z\000e\000?}{chapter.8}% 75
\BOOKMARK [1][-]{section.8.14}{\376\377\000U\000s\000i\000n\000g\000\040\000a\000n\000\040\000E\000s\000t\000i\000m\000a\000t\000e\000\040\000f\000r\000o\000m\000\040\000a\000\040\000M\000e\000t\000a\000-\000A\000n\000a\000l\000y\000s\000i\000s}{chapter.8}% 76
\BOOKMARK [1][-]{section.8.15}{\376\377\000U\000s\000i\000n\000g\000\040\000a\000n\000\040\000E\000s\000t\000i\000m\000a\000t\000e\000\040\000f\000r\000o\000m\000\040\000a\000\040\000P\000r\000e\000v\000i\000o\000u\000s\000\040\000S\000t\000u\000d\000y}{chapter.8}% 77
\BOOKMARK [1][-]{section.8.16}{\376\377\000U\000s\000i\000n\000g\000\040\000a\000n\000\040\000E\000s\000t\000i\000m\000a\000t\000e\000\040\000f\000r\000o\000m\000\040\000a\000\040\000T\000h\000e\000o\000r\000e\000t\000i\000c\000a\000l\000\040\000M\000o\000d\000e\000l}{chapter.8}% 78
\BOOKMARK [1][-]{section.8.17}{\376\377\000C\000o\000m\000p\000u\000t\000e\000\040\000t\000h\000e\000\040\000W\000i\000d\000t\000h\000\040\000o\000f\000\040\000t\000h\000e\000\040\000C\000o\000n\000f\000i\000d\000e\000n\000c\000e\000\040\000I\000n\000t\000e\000r\000v\000a\000l\000\040\000a\000r\000o\000u\000n\000d\000\040\000t\000h\000e\000\040\000E\000f\000f\000e\000c\000t\000\040\000S\000i\000z\000e}{chapter.8}% 79
\BOOKMARK [1][-]{section.8.18}{\376\377\000P\000l\000o\000t\000\040\000a\000\040\000S\000e\000n\000s\000i\000t\000i\000v\000i\000t\000y\000\040\000P\000o\000w\000e\000r\000\040\000A\000n\000a\000l\000y\000s\000i\000s}{chapter.8}% 80
\BOOKMARK [1][-]{section.8.19}{\376\377\000T\000h\000e\000\040\000D\000i\000s\000t\000r\000i\000b\000u\000t\000i\000o\000n\000\040\000o\000f\000\040\000E\000f\000f\000e\000c\000t\000\040\000S\000i\000z\000e\000s\000\040\000i\000n\000\040\000a\000\040\000R\000e\000s\000e\000a\000r\000c\000h\000\040\000A\000r\000e\000a}{chapter.8}% 81
\BOOKMARK [1][-]{section.8.20}{\376\377\000A\000d\000d\000i\000t\000i\000o\000n\000a\000l\000\040\000C\000o\000n\000s\000i\000d\000e\000r\000a\000t\000i\000o\000n\000s\000\040\000W\000h\000e\000n\000\040\000D\000e\000s\000i\000g\000n\000i\000n\000g\000\040\000a\000n\000\040\000I\000n\000f\000o\000r\000m\000a\000t\000i\000v\000e\000\040\000S\000t\000u\000d\000y}{chapter.8}% 82
\BOOKMARK [1][-]{section.8.21}{\376\377\000C\000o\000m\000p\000r\000o\000m\000i\000s\000e\000\040\000P\000o\000w\000e\000r\000\040\000A\000n\000a\000l\000y\000s\000i\000s}{chapter.8}% 83
\BOOKMARK [1][-]{section.8.22}{\376\377\000W\000h\000a\000t\000\040\000t\000o\000\040\000d\000o\000\040\000i\000f\000\040\000Y\000o\000u\000r\000\040\000E\000d\000i\000t\000o\000r\000\040\000A\000s\000k\000s\000\040\000f\000o\000r\000\040\000P\000o\000s\000t\000-\000h\000o\000c\000\040\000P\000o\000w\000e\000r\000?}{chapter.8}% 84
\BOOKMARK [1][-]{section.8.23}{\376\377\000S\000e\000q\000u\000e\000n\000t\000i\000a\000l\000\040\000A\000n\000a\000l\000y\000s\000e\000s}{chapter.8}% 85
\BOOKMARK [1][-]{section.8.24}{\376\377\000I\000n\000c\000r\000e\000a\000s\000i\000n\000g\000\040\000P\000o\000w\000e\000r\000\040\000W\000i\000t\000h\000o\000u\000t\000\040\000I\000n\000c\000r\000e\000a\000s\000i\000n\000g\000\040\000t\000h\000e\000\040\000S\000a\000m\000p\000l\000e\000\040\000S\000i\000z\000e}{chapter.8}% 86
\BOOKMARK [1][-]{section.8.25}{\376\377\000K\000n\000o\000w\000\040\000Y\000o\000u\000r\000\040\000M\000e\000a\000s\000u\000r\000e}{chapter.8}% 87
\BOOKMARK [1][-]{section.8.26}{\376\377\000C\000o\000n\000v\000e\000n\000t\000i\000o\000n\000s\000\040\000a\000s\000\040\000m\000e\000t\000a\000-\000h\000e\000u\000r\000i\000s\000t\000i\000c\000s}{chapter.8}% 88
\BOOKMARK [1][-]{section.8.27}{\376\377\000S\000a\000m\000p\000l\000e\000\040\000S\000i\000z\000e\000\040\000J\000u\000s\000t\000i\000f\000i\000c\000a\000t\000i\000o\000n\000\040\000i\000n\000\040\000Q\000u\000a\000l\000i\000t\000a\000t\000i\000v\000e\000\040\000R\000e\000s\000e\000a\000r\000c\000h}{chapter.8}% 89
\BOOKMARK [1][-]{section.8.28}{\376\377\000D\000i\000s\000c\000u\000s\000s\000i\000o\000n}{chapter.8}% 90
\BOOKMARK [1][-]{section.8.29}{\376\377\000T\000e\000s\000t\000\040\000Y\000o\000u\000r\000s\000e\000l\000f}{chapter.8}% 91
\BOOKMARK [0][-]{chapter.9}{\376\377\000E\000q\000u\000i\000v\000a\000l\000e\000n\000c\000e\000\040\000T\000e\000s\000t\000i\000n\000g\000\040\000a\000n\000d\000\040\000I\000n\000t\000e\000r\000v\000a\000l\000\040\000H\000y\000p\000o\000t\000h\000e\000s\000e\000s}{}% 92
\BOOKMARK [1][-]{section.9.1}{\376\377\000E\000q\000u\000i\000v\000a\000l\000e\000n\000c\000e\000\040\000t\000e\000s\000t\000s}{chapter.9}% 93
\BOOKMARK [1][-]{section.9.2}{\376\377\000R\000e\000p\000o\000r\000t\000i\000n\000g\000\040\000E\000q\000u\000i\000v\000a\000l\000e\000n\000c\000e\000\040\000T\000e\000s\000t\000s}{chapter.9}% 94
\BOOKMARK [1][-]{section.9.3}{\376\377\000M\000i\000n\000i\000m\000u\000m\000\040\000E\000f\000f\000e\000c\000t\000\040\000T\000e\000s\000t\000s}{chapter.9}% 95
\BOOKMARK [1][-]{section.9.4}{\376\377\000P\000o\000w\000e\000r\000\040\000A\000n\000a\000l\000y\000s\000i\000s\000\040\000f\000o\000r\000\040\000I\000n\000t\000e\000r\000v\000a\000l\000\040\000H\000y\000p\000o\000t\000h\000e\000s\000i\000s\000\040\000T\000e\000s\000t\000s}{chapter.9}% 96
\BOOKMARK [1][-]{section.9.5}{\376\377\000T\000h\000e\000\040\000B\000a\000y\000e\000s\000i\000a\000n\000\040\000R\000O\000P\000E\000\040\000p\000r\000o\000c\000e\000d\000u\000r\000e}{chapter.9}% 97
\BOOKMARK [1][-]{section.9.6}{\376\377\000W\000h\000i\000c\000h\000\040\000i\000n\000t\000e\000r\000v\000a\000l\000\040\000w\000i\000d\000t\000h\000\040\000s\000h\000o\000u\000l\000d\000\040\000b\000e\000\040\000u\000s\000e\000d\000?}{chapter.9}% 98
\BOOKMARK [1][-]{section.9.7}{\376\377\000S\000e\000t\000t\000i\000n\000g\000\040\000t\000h\000e\000\040\000S\000m\000a\000l\000l\000e\000s\000t\000\040\000E\000f\000f\000e\000c\000t\000\040\000S\000i\000z\000e\000\040\000o\000f\000\040\000I\000n\000t\000e\000r\000e\000s\000t}{chapter.9}% 99
\BOOKMARK [1][-]{section.9.8}{\376\377\000S\000p\000e\000c\000i\000f\000y\000i\000n\000g\000\040\000a\000\040\000S\000E\000S\000O\000I\000\040\000b\000a\000s\000e\000d\000\040\000o\000n\000\040\000t\000h\000e\000o\000r\000y}{chapter.9}% 100
\BOOKMARK [1][-]{section.9.9}{\376\377\000A\000n\000c\000h\000o\000r\000\040\000b\000a\000s\000e\000d\000\040\000m\000e\000t\000h\000o\000d\000s\000\040\000t\000o\000\040\000s\000e\000t\000\040\000a\000\040\000S\000E\000S\000O\000I}{chapter.9}% 101
\BOOKMARK [1][-]{section.9.10}{\376\377\000S\000p\000e\000c\000i\000f\000y\000i\000n\000g\000\040\000a\000\040\000S\000E\000S\000O\000I\000\040\000b\000a\000s\000e\000d\000\040\000o\000n\000\040\000a\000\040\000c\000o\000s\000t\000-\000b\000e\000n\000e\000f\000i\000t\000\040\000a\000n\000a\000l\000y\000s\000i\000s}{chapter.9}% 102
\BOOKMARK [1][-]{section.9.11}{\376\377\000S\000p\000e\000c\000i\000f\000y\000i\000n\000g\000\040\000t\000h\000e\000\040\000S\000E\000S\000O\000I\000\040\000u\000s\000i\000n\000g\000\040\000t\000h\000e\000\040\000s\000m\000a\000l\000l\000\040\000t\000e\000l\000e\000s\000c\000o\000p\000e\000s\000\040\000a\000p\000p\000r\000o\000a\000c\000h}{chapter.9}% 103
\BOOKMARK [1][-]{section.9.12}{\376\377\000S\000e\000t\000t\000i\000n\000g\000\040\000t\000h\000e\000\040\000S\000m\000a\000l\000l\000e\000s\000t\000\040\000E\000f\000f\000e\000c\000t\000\040\000S\000i\000z\000e\000\040\000o\000f\000\040\000I\000n\000t\000e\000r\000e\000s\000t\000\040\000t\000o\000\040\000t\000h\000e\000\040\000M\000i\000n\000i\000m\000a\000l\000\040\000S\000t\000a\000t\000i\000s\000t\000i\000c\000a\000l\000l\000y\000\040\000D\000e\000t\000e\000c\000t\000a\000b\000l\000e\000\040\000E\000f\000f\000e\000c\000t}{chapter.9}% 104
\BOOKMARK [1][-]{section.9.13}{\376\377\000T\000e\000s\000t\000\040\000Y\000o\000u\000r\000s\000e\000l\000f}{chapter.9}% 105
\BOOKMARK [0][-]{chapter.10}{\376\377\000S\000e\000q\000u\000e\000n\000t\000i\000a\000l\000\040\000A\000n\000a\000l\000y\000s\000i\000s}{}% 106
\BOOKMARK [1][-]{section.10.1}{\376\377\000C\000h\000o\000o\000s\000i\000n\000g\000\040\000a\000l\000p\000h\000a\000\040\000l\000e\000v\000e\000l\000s\000\040\000f\000o\000r\000\040\000s\000e\000q\000u\000e\000n\000t\000i\000a\000l\000\040\000a\000n\000a\000l\000y\000s\000e\000s\000.}{chapter.10}% 107
\BOOKMARK [1][-]{section.10.2}{\376\377\000T\000h\000e\000\040\000P\000o\000c\000o\000c\000k\000\040\000c\000o\000r\000r\000e\000c\000t\000i\000o\000n}{chapter.10}% 108
\BOOKMARK [1][-]{section.10.3}{\376\377\000C\000o\000m\000p\000a\000r\000i\000n\000g\000\040\000S\000p\000e\000n\000d\000i\000n\000g\000\040\000F\000u\000n\000c\000t\000i\000o\000n\000s}{chapter.10}% 109
\BOOKMARK [1][-]{section.10.4}{\376\377\000A\000l\000p\000h\000a\000\040\000s\000p\000e\000n\000d\000i\000n\000g\000\040\000f\000u\000n\000c\000t\000i\000o\000n\000s}{chapter.10}% 110
\BOOKMARK [1][-]{section.10.5}{\376\377\000U\000p\000d\000a\000t\000i\000n\000g\000\040\000b\000o\000u\000n\000d\000a\000r\000i\000e\000s\000\040\000d\000u\000r\000i\000n\000g\000\040\000a\000\040\000s\000t\000u\000d\000y}{chapter.10}% 111
\BOOKMARK [1][-]{section.10.6}{\376\377\000S\000a\000m\000p\000l\000e\000\040\000S\000i\000z\000e\000\040\000f\000o\000r\000\040\000S\000e\000q\000u\000e\000n\000t\000i\000a\000l\000\040\000D\000e\000s\000i\000g\000n\000s}{chapter.10}% 112
\BOOKMARK [1][-]{section.10.7}{\376\377\000S\000t\000o\000p\000p\000i\000n\000g\000\040\000f\000o\000r\000\040\000f\000u\000t\000i\000l\000i\000t\000y}{chapter.10}% 113
\BOOKMARK [1][-]{section.10.8}{\376\377\000R\000e\000p\000o\000r\000t\000i\000n\000g\000\040\000t\000h\000e\000\040\000r\000e\000s\000u\000l\000t\000s\000\040\000o\000f\000\040\000a\000\040\000s\000e\000q\000u\000e\000n\000t\000i\000a\000l\000\040\000a\000n\000a\000l\000y\000s\000i\000s}{chapter.10}% 114
\BOOKMARK [1][-]{section.10.9}{\376\377\000T\000e\000s\000t\000\040\000Y\000o\000u\000r\000s\000e\000l\000f}{chapter.10}% 115
\BOOKMARK [0][-]{chapter.11}{\376\377\000M\000e\000t\000a\000-\000a\000n\000a\000l\000y\000s\000i\000s}{}% 116
\BOOKMARK [1][-]{section.11.1}{\376\377\000R\000a\000n\000d\000o\000m\000\040\000V\000a\000r\000i\000a\000t\000i\000o\000n}{chapter.11}% 117
\BOOKMARK [1][-]{section.11.2}{\376\377\000I\000n\000t\000r\000o\000d\000u\000c\000t\000i\000o\000n\000\040\000t\000o\000\040\000M\000e\000t\000a\000-\000A\000n\000a\000l\000y\000s\000i\000s}{chapter.11}% 118
\BOOKMARK [1][-]{section.11.3}{\376\377\000A\000\040\000s\000i\000n\000g\000l\000e\000\040\000s\000t\000u\000d\000y\000\040\000m\000e\000t\000a\000-\000a\000n\000a\000l\000y\000s\000i\000s}{chapter.11}% 119
\BOOKMARK [1][-]{section.11.4}{\376\377\000S\000i\000m\000u\000l\000a\000t\000i\000n\000g\000\040\000m\000e\000t\000a\000-\000a\000n\000a\000l\000y\000s\000e\000s\000\040\000o\000f\000\040\000m\000e\000a\000n\000\040\000s\000t\000a\000n\000d\000a\000r\000d\000i\000z\000e\000d\000\040\000d\000i\000f\000f\000e\000r\000e\000n\000c\000e\000s}{chapter.11}% 120
\BOOKMARK [1][-]{section.11.5}{\376\377\000F\000i\000x\000e\000d\000\040\000E\000f\000f\000e\000c\000t\000\040\000v\000s\000\040\000R\000a\000n\000d\000o\000m\000\040\000E\000f\000f\000e\000c\000t\000s}{chapter.11}% 121
\BOOKMARK [1][-]{section.11.6}{\376\377\000S\000i\000m\000u\000l\000a\000t\000i\000n\000g\000\040\000m\000e\000t\000a\000-\000a\000n\000a\000l\000y\000s\000e\000s\000\040\000f\000o\000r\000\040\000d\000i\000c\000h\000o\000t\000o\000m\000o\000u\000s\000\040\000o\000u\000t\000c\000o\000m\000e\000s}{chapter.11}% 122
\BOOKMARK [1][-]{section.11.7}{\376\377\000H\000e\000t\000e\000r\000o\000g\000e\000n\000e\000i\000t\000y}{chapter.11}% 123
\BOOKMARK [1][-]{section.11.8}{\376\377\000S\000t\000r\000e\000n\000g\000t\000h\000s\000\040\000a\000n\000d\000\040\000w\000e\000a\000k\000n\000e\000s\000s\000e\000s\000\040\000o\000f\000\040\000m\000e\000t\000a\000-\000a\000n\000a\000l\000y\000s\000i\000s}{chapter.11}% 124
\BOOKMARK [1][-]{section.11.9}{\376\377\000W\000h\000i\000c\000h\000\040\000r\000e\000s\000u\000l\000t\000s\000\040\000s\000h\000o\000u\000l\000d\000\040\000y\000o\000u\000\040\000r\000e\000p\000o\000r\000t\000\040\000t\000o\000\040\000b\000e\000\040\000i\000n\000c\000l\000u\000d\000e\000d\000\040\000i\000n\000\040\000a\000\040\000f\000u\000t\000u\000r\000e\000\040\000m\000e\000t\000a\000-\000a\000n\000a\000l\000y\000s\000i\000s\000?}{chapter.11}% 125
\BOOKMARK [1][-]{section.11.10}{\376\377\000I\000m\000p\000r\000o\000v\000i\000n\000g\000\040\000t\000h\000e\000\040\000r\000e\000p\000r\000o\000d\000u\000c\000i\000b\000i\000l\000i\000t\000y\000\040\000o\000f\000\040\000m\000e\000t\000a\000-\000a\000n\000a\000l\000y\000s\000e\000s}{chapter.11}% 126
\BOOKMARK [1][-]{section.11.11}{\376\377\000T\000e\000s\000t\000\040\000Y\000o\000u\000r\000s\000e\000l\000f}{chapter.11}% 127
\BOOKMARK [0][-]{chapter.12}{\376\377\000B\000i\000a\000s\000\040\000d\000e\000t\000e\000c\000t\000i\000o\000n}{}% 128
\BOOKMARK [1][-]{section.12.1}{\376\377\000P\000u\000b\000l\000i\000c\000a\000t\000i\000o\000n\000\040\000b\000i\000a\000s}{chapter.12}% 129
\BOOKMARK [1][-]{section.12.2}{\376\377\000B\000i\000a\000s\000\040\000d\000e\000t\000e\000c\000t\000i\000o\000n\000\040\000i\000n\000\040\000m\000e\000t\000a\000-\000a\000n\000a\000l\000y\000s\000i\000s}{chapter.12}% 130
\BOOKMARK [1][-]{section.12.3}{\376\377\000T\000r\000i\000m\000\040\000a\000n\000d\000\040\000F\000i\000l\000l}{chapter.12}% 131
\BOOKMARK [1][-]{section.12.4}{\376\377\000P\000E\000T\000-\000P\000E\000E\000S\000E}{chapter.12}% 132
\BOOKMARK [1][-]{section.12.5}{\376\377\000P\000-\000v\000a\000l\000u\000e\000\040\000m\000e\000t\000a\000-\000a\000n\000a\000l\000y\000s\000i\000s}{chapter.12}% 133
\BOOKMARK [1][-]{section.12.6}{\376\377\000C\000o\000n\000c\000l\000u\000s\000i\000o\000n}{chapter.12}% 134
\BOOKMARK [1][-]{section.12.7}{\376\377\000T\000e\000s\000t\000\040\000Y\000o\000u\000r\000s\000e\000l\000f}{chapter.12}% 135
\BOOKMARK [0][-]{chapter.13}{\376\377\000P\000r\000e\000r\000e\000g\000i\000s\000t\000r\000a\000t\000i\000o\000n\000\040\000a\000n\000d\000\040\000T\000r\000a\000n\000s\000p\000a\000r\000e\000n\000c\000y}{}% 136
\BOOKMARK [1][-]{section.13.1}{\376\377\000T\000h\000e\000\040\000v\000a\000l\000u\000e\000\040\000o\000f\000\040\000p\000r\000e\000r\000e\000g\000i\000s\000t\000r\000a\000t\000i\000o\000n}{chapter.13}% 137
\BOOKMARK [1][-]{section.13.2}{\376\377\000H\000o\000w\000\040\000t\000o\000\040\000p\000r\000e\000r\000e\000g\000i\000s\000t\000e\000r}{chapter.13}% 138
\BOOKMARK [1][-]{section.13.3}{\376\377\000J\000o\000u\000r\000n\000a\000l\000\040\000A\000r\000t\000i\000c\000l\000e\000\040\000R\000e\000p\000o\000r\000t\000i\000n\000g\000\040\000S\000t\000a\000n\000d\000a\000r\000d\000s}{chapter.13}% 139
\BOOKMARK [1][-]{section.13.4}{\376\377\000W\000h\000a\000t\000\040\000D\000o\000e\000s\000\040\000a\000\040\000F\000o\000r\000m\000a\000l\000i\000z\000e\000d\000\040\000T\000e\000s\000t\000\040\000o\000f\000\040\000a\000\040\000P\000r\000e\000d\000i\000c\000t\000i\000o\000n\000\040\000L\000o\000o\000k\000\040\000L\000i\000k\000e\000?}{chapter.13}% 140
\BOOKMARK [1][-]{section.13.5}{\376\377\000A\000r\000e\000\040\000y\000o\000u\000\040\000r\000e\000a\000d\000y\000\040\000t\000o\000\040\000p\000r\000e\000r\000e\000g\000i\000s\000t\000e\000r\000\040\000a\000\040\000h\000y\000p\000o\000t\000h\000e\000s\000i\000s\000\040\000t\000e\000s\000t\000?}{chapter.13}% 141
\BOOKMARK [1][-]{section.13.6}{\376\377\000T\000e\000s\000t\000\040\000Y\000o\000u\000r\000s\000e\000l\000f}{chapter.13}% 142
\BOOKMARK [1][-]{section.13.7}{\376\377\000P\000r\000e\000-\000r\000e\000g\000i\000s\000t\000e\000r\000i\000n\000g\000\040\000o\000n\000\040\000A\000s\000P\000r\000e\000d\000i\000c\000t\000e\000d}{chapter.13}% 143
\BOOKMARK [1][-]{section.13.8}{\376\377\000P\000r\000e\000-\000r\000e\000g\000i\000s\000t\000e\000r\000i\000n\000g\000\040\000o\000n\000\040\000t\000h\000e\000\040\000O\000p\000e\000n\000\040\000S\000c\000i\000e\000n\000c\000e\000\040\000F\000r\000a\000m\000e\000w\000o\000r\000k}{chapter.13}% 144
\BOOKMARK [1][-]{section.13.9}{\376\377\000C\000o\000l\000l\000e\000c\000t\000i\000n\000g\000\040\000D\000a\000t\000a}{chapter.13}% 145
\BOOKMARK [1][-]{section.13.10}{\376\377\000A\000n\000a\000l\000y\000z\000i\000n\000g\000\040\000t\000h\000e\000\040\000d\000a\000t\000a}{chapter.13}% 146
\BOOKMARK [1][-]{section.13.11}{\376\377\000S\000h\000a\000r\000i\000n\000g\000\040\000t\000h\000e\000\040\000r\000e\000p\000o\000r\000t\000,\000\040\000d\000a\000t\000a\000,\000\040\000a\000n\000d\000\040\000c\000o\000d\000e}{chapter.13}% 147
\BOOKMARK [0][-]{chapter.14}{\376\377\000C\000o\000m\000p\000u\000t\000a\000t\000i\000o\000n\000a\000l\000\040\000R\000e\000p\000r\000o\000d\000u\000c\000i\000b\000i\000l\000i\000t\000y}{}% 148
\BOOKMARK [1][-]{section.14.1}{\376\377\000S\000t\000e\000p\000\040\0001\000:\000\040\000S\000e\000t\000t\000i\000n\000g\000\040\000u\000p\000\040\000a\000\040\000G\000i\000t\000H\000u\000b\000\040\000r\000e\000p\000o\000s\000i\000t\000o\000r\000y}{chapter.14}% 149
\BOOKMARK [1][-]{section.14.2}{\376\377\000S\000t\000e\000p\000\040\0002\000:\000\040\000C\000l\000o\000n\000i\000n\000g\000\040\000y\000o\000u\000r\000\040\000G\000i\000t\000H\000u\000b\000\040\000r\000e\000p\000o\000s\000i\000t\000o\000r\000y\000\040\000i\000n\000t\000o\000\040\000R\000S\000t\000u\000d\000i\000o}{chapter.14}% 150
\BOOKMARK [1][-]{section.14.3}{\376\377\000S\000t\000e\000p\000\040\0003\000:\000\040\000C\000r\000e\000a\000t\000i\000n\000g\000\040\000a\000n\000\040\000R\000\040\000M\000a\000r\000k\000d\000o\000w\000n\000\040\000f\000i\000l\000e}{chapter.14}% 151
\BOOKMARK [1][-]{section.14.4}{\376\377\000S\000t\000e\000p\000\040\0004\000:\000\040\000R\000e\000p\000r\000o\000d\000u\000c\000i\000b\000l\000e\000\040\000D\000a\000t\000a\000\040\000A\000n\000a\000l\000y\000s\000i\000s\000\040\000i\000n\000\040\000R\000\040\000S\000t\000u\000d\000i\000o}{chapter.14}% 152
\BOOKMARK [1][-]{section.14.5}{\376\377\000S\000t\000e\000p\000\040\0005\000:\000\040\000C\000o\000m\000m\000i\000t\000t\000i\000n\000g\000\040\000a\000n\000d\000\040\000P\000u\000s\000h\000i\000n\000g\000\040\000t\000o\000\040\000G\000i\000t\000H\000u\000b}{chapter.14}% 153
\BOOKMARK [1][-]{section.14.6}{\376\377\000S\000t\000e\000p\000\040\0006\000:\000\040\000R\000e\000p\000r\000o\000d\000u\000c\000i\000b\000l\000e\000\040\000D\000a\000t\000a\000\040\000A\000n\000a\000l\000y\000s\000i\000s}{chapter.14}% 154
\BOOKMARK [1][-]{section.14.7}{\376\377\000S\000t\000e\000p\000\040\0007\000:\000\040\000O\000r\000g\000a\000n\000i\000z\000i\000n\000g\000\040\000Y\000o\000u\000r\000\040\000D\000a\000t\000a\000\040\000a\000n\000d\000\040\000C\000o\000d\000e}{chapter.14}% 155
\BOOKMARK [1][-]{section.14.8}{\376\377\000S\000t\000e\000p\000\040\0008\000:\000\040\000A\000r\000c\000h\000i\000v\000i\000n\000g\000\040\000Y\000o\000u\000r\000\040\000D\000a\000t\000a\000\040\000a\000n\000d\000\040\000C\000o\000d\000e}{chapter.14}% 156
\BOOKMARK [1][-]{section.14.9}{\376\377\000S\000o\000m\000e\000\040\000p\000o\000i\000n\000t\000s\000\040\000f\000o\000r\000\040\000i\000m\000p\000r\000o\000v\000e\000m\000e\000n\000t\000\040\000i\000n\000\040\000c\000o\000m\000p\000u\000t\000a\000t\000i\000o\000n\000a\000l\000\040\000r\000e\000p\000r\000o\000d\000u\000c\000i\000b\000i\000l\000i\000t\000y}{chapter.14}% 157
\BOOKMARK [1][-]{section.14.10}{\376\377\000C\000o\000n\000c\000l\000u\000s\000i\000o\000n}{chapter.14}% 158
\BOOKMARK [0][-]{chapter*.139}{\376\377\000B\000i\000b\000l\000i\000o\000g\000r\000a\000p\000h\000y}{}% 159
